2025-11-17 09:40:06 Loading main app package /usr/lib/obsidian/obsidian.asar
2025-11-17 09:40:06 Checking for update using Github
2025-11-17 09:40:06 Success.
2025-11-17 09:40:06 Latest version is 1.10.3
2025-11-17 09:40:06 App is up to date.
2025-11-17 09:44:12 Loading main app package /usr/lib/obsidian/obsidian.asar
2025-11-17 09:44:12 Checking for update using Github
2025-11-17 09:44:12 Success.
2025-11-17 09:44:12 Latest version is 1.10.3
2025-11-17 09:44:12 App is up to date.
2025-11-17 10:44:12 Checking for update using Github
2025-11-17 10:44:12 Success.
2025-11-17 10:44:12 Latest version is 1.10.3
2025-11-17 10:44:12 App is up to date.
2025-11-17 11:44:12 Checking for update using Github
2025-11-17 11:44:12 Success.
2025-11-17 11:44:12 Latest version is 1.10.3
2025-11-17 11:44:12 App is up to date.
2025-11-17 12:44:12 Checking for update using Github
2025-11-17 12:44:12 Success.
2025-11-17 12:44:12 Latest version is 1.10.3
2025-11-17 12:44:12 App is up to date.
2025-11-17 13:44:12 Checking for update using Github
2025-11-17 13:44:12 Success.
2025-11-17 13:44:12 Latest version is 1.10.3
2025-11-17 13:44:12 App is up to date.
2025-11-19 11:16:29 Loading main app package /usr/lib/obsidian/obsidian.asar
2025-11-19 11:16:29 Checking for update using Github
2025-11-19 11:16:29 Success.
2025-11-19 11:16:29 Latest version is 1.10.3
2025-11-19 11:16:29 App is up to date.
2025-11-19 12:16:29 Checking for update using Github
2025-11-19 12:16:29 Success.
2025-11-19 12:16:29 Latest version is 1.10.3
2025-11-19 12:16:29 App is up to date.
2025-11-23 08:45:10 Loading main app package /usr/lib/obsidian/obsidian.asar
2025-11-23 08:45:10 Checking for update using Github
2025-11-23 08:45:10 Success.
2025-11-23 08:45:10 Latest version is 1.10.3
2025-11-23 08:45:10 App is up to date.
2025-11-26 09:33:43 Loading main app package /usr/lib/obsidian/obsidian.asar
2025-11-26 09:33:43 Checking for update using Github
2025-11-26 09:33:43 Success.
2025-11-26 09:33:43 Latest version is 1.10.6
2025-11-26 09:33:43 App is up to date.
2025-11-27 18:39:56 Loading main app package /usr/lib/obsidian/obsidian.asar
2025-11-27 18:39:56 Checking for update using Github
2025-11-27 18:39:56 Success.
2025-11-27 18:39:56 Latest version is 1.10.6
2025-11-27 18:39:56 App is up to date.
2025-11-28 13:24:59 Loading main app package /usr/lib/obsidian/obsidian.asar
2025-11-28 13:25:00 Checking for update using Github
2025-11-28 13:25:00 Success.
2025-11-28 13:25:00 Latest version is 1.10.6
2025-11-28 13:25:00 App is up to date.
2025-11-29 11:28:16 Loading main app package /usr/lib/obsidian/obsidian.asar
2025-11-29 11:28:16 Checking for update using Github
2025-11-29 11:28:16 Success.
2025-11-29 11:28:16 Latest version is 1.10.6
2025-11-29 11:28:16 App is up to date.
2025-11-29 11:34:25 Loading main app package /usr/lib/obsidian/obsidian.asar
2025-11-29 11:34:25 Checking for update using Github
2025-11-29 11:34:25 Success.
2025-11-29 11:34:25 Latest version is 1.10.6
2025-11-29 11:34:25 App is up to date.
2025-11-29 14:55:24 Loading main app package /usr/lib/obsidian/obsidian.asar
2025-11-29 14:55:24 Checking for update using Github
2025-11-29 14:55:24 Success.
2025-11-29 14:55:24 Latest version is 1.10.6
2025-11-29 14:55:24 App is up to date.
2025-11-30 07:57:14 Loading main app package /usr/lib/obsidian/obsidian.asar
2025-11-30 07:57:15 Checking for update using Github
2025-11-30 07:57:15 Success.
2025-11-30 07:57:15 Latest version is 1.10.6
2025-11-30 07:57:15 App is up to date.
2025-12-05 09:49:36 Loading main app package /usr/lib/obsidian/obsidian.asar
2025-12-05 09:49:36 Checking for update using Github
2025-12-05 09:49:36 Success.
2025-12-05 09:49:36 Latest version is 1.10.6
2025-12-05 09:49:36 App is up to date.
2025-12-05 11:24:06 Loading main app package /usr/lib/obsidian/obsidian.asar
2025-12-05 11:24:07 Checking for update using Github
2025-12-05 11:24:07 Success.
2025-12-05 11:24:07 Latest version is 1.10.6
2025-12-05 11:24:07 App is up to date.
2025-12-05 12:24:06 Checking for update using Github
2025-12-05 12:24:06 Success.
2025-12-05 12:24:06 Latest version is 1.10.6
2025-12-05 12:24:06 App is up to date.
2025-12-08 13:48:44 Loading main app package /usr/lib/obsidian/obsidian.asar
2025-12-08 13:48:44 Checking for update using Github
2025-12-08 13:48:44 Success.
2025-12-08 13:48:44 Latest version is 1.10.6
2025-12-08 13:48:44 App is up to date.
2025-12-13 11:48:20 Loading main app package /usr/lib/obsidian/obsidian.asar
2025-12-13 11:48:20 Checking for update using Github
2025-12-13 11:48:20 Success.
2025-12-13 11:48:20 Latest version is 1.10.6
2025-12-13 11:48:20 App is up to date.
2025-12-14 08:56:07 Loading main app package /usr/lib/obsidian/obsidian.asar
2025-12-14 08:56:07 Checking for update using Github
2025-12-14 08:56:07 Success.
2025-12-14 08:56:07 Latest version is 1.10.6
2025-12-14 08:56:07 App is up to date.
2025-12-15 08:42:19 Loading main app package /usr/lib/obsidian/obsidian.asar
2025-12-15 08:42:19 Checking for update using Github
2025-12-15 08:42:19 Success.
2025-12-15 08:42:19 Latest version is 1.10.6
2025-12-15 08:42:19 App is up to date.
2025-12-15 09:39:48 Loading main app package /usr/lib/obsidian/obsidian.asar
2025-12-15 09:39:48 Checking for update using Github
2025-12-15 09:42:19 Checking for update using Github
2025-12-15 09:42:19 Success.
2025-12-15 09:42:19 Latest version is 1.10.6
2025-12-15 09:42:19 App is up to date.
2025-12-15 09:51:17 Loading main app package /usr/lib/obsidian/obsidian.asar
2025-12-15 09:51:17 Checking for update using Github
2025-12-15 09:51:17 Success.
2025-12-15 09:51:17 Latest version is 1.10.6
2025-12-15 09:51:17 App is up to date.
2025-12-15 16:28:29 Loading main app package /usr/lib/obsidian/obsidian.asar
2025-12-15 16:28:29 Checking for update using Github
2025-12-15 16:28:29 Success.
2025-12-15 16:28:29 Latest version is 1.10.6
2025-12-15 16:28:29 App is up to date.
2025-12-16 07:29:30 Loading main app package /usr/lib/obsidian/obsidian.asar
2025-12-16 07:29:30 Checking for update using Github
2025-12-16 07:29:30 Success.
2025-12-16 07:29:30 Latest version is 1.10.6
2025-12-16 07:29:30 App is up to date.
2025-12-16 08:29:30 Checking for update using Github
2025-12-16 08:29:30 Success.
2025-12-16 08:29:30 Latest version is 1.10.6
2025-12-16 08:29:30 App is up to date.
2025-12-16 09:29:30 Checking for update using Github
2025-12-16 09:29:30 Success.
2025-12-16 09:29:30 Latest version is 1.10.6
2025-12-16 09:29:30 App is up to date.
2025-12-16 18:44:52 Loading main app package /usr/lib/obsidian/obsidian.asar
2025-12-16 18:44:52 Checking for update using Github
2025-12-16 18:44:52 Success.
2025-12-16 18:44:52 Latest version is 1.10.6
2025-12-16 18:44:52 App is up to date.
2025-12-20 09:32:08 Loading main app package /usr/lib/obsidian/obsidian.asar
2025-12-20 09:32:09 Checking for update using Github
2025-12-20 09:32:09 Success.
2025-12-20 09:32:09 Latest version is 1.10.6
2025-12-20 09:32:09 App is up to date.
2025-12-21 17:19:48 Loading main app package /usr/lib/obsidian/obsidian.asar
2025-12-21 17:19:48 Checking for update using Github
2025-12-21 17:19:48 Success.
2025-12-21 17:19:48 Latest version is 1.10.6
2025-12-21 17:19:48 App is up to date.
2025-12-24 08:52:49 Loading main app package /usr/lib/obsidian/obsidian.asar
2025-12-24 08:52:49 Checking for update using Github
2025-12-24 08:52:49 Success.
2025-12-24 08:52:49 Latest version is 1.10.6
2025-12-24 08:52:49 App is up to date.
2025-12-24 09:52:49 Checking for update using Github
2025-12-24 09:52:49 Success.
2025-12-24 09:52:49 Latest version is 1.10.6
2025-12-24 09:52:49 App is up to date.
2025-12-24 10:52:49 Checking for update using Github
2025-12-24 10:52:49 Success.
2025-12-24 10:52:49 Latest version is 1.10.6
2025-12-24 10:52:49 App is up to date.
2025-12-25 08:04:10 Loading main app package /usr/lib/obsidian/obsidian.asar
2025-12-25 08:04:10 Checking for update using Github
2025-12-25 08:04:10 Success.
2025-12-25 08:04:10 Latest version is 1.10.6
2025-12-25 08:04:10 App is up to date.
2025-12-25 08:51:01 Loading main app package /usr/lib/obsidian/obsidian.asar
2025-12-25 08:51:01 Checking for update using Github
2025-12-25 08:51:01 Success.
2025-12-25 08:51:01 Latest version is 1.10.6
2025-12-25 08:51:01 App is up to date.
2025-12-27 10:07:57 Loading main app package /usr/lib/obsidian/obsidian.asar
2025-12-27 10:07:57 Checking for update using Github
2025-12-27 10:07:57 Success.
2025-12-27 10:07:57 Latest version is 1.10.6
2025-12-27 10:07:57 App is up to date.
2025-12-30 08:05:48 Loading main app package /usr/lib/obsidian/obsidian.asar
2025-12-30 08:05:48 Checking for update using Github
2025-12-30 08:05:48 Success.
2025-12-30 08:05:48 Latest version is 1.10.6
2025-12-30 08:05:48 App is up to date.
2025-12-30 09:05:48 Checking for update using Github
2025-12-30 09:05:48 Success.
2025-12-30 09:05:48 Latest version is 1.10.6
2025-12-30 09:05:48 App is up to date.
2025-12-30 10:21:46 Loading main app package /usr/lib/obsidian/obsidian.asar
2025-12-30 10:21:46 Checking for update using Github
2025-12-30 10:21:46 Success.
2025-12-30 10:21:46 Latest version is 1.10.6
2025-12-30 10:21:46 App is up to date.
2025-12-30 11:21:46 Checking for update using Github
2025-12-30 11:21:46 Success.
2025-12-30 11:21:46 Latest version is 1.10.6
2025-12-30 11:21:46 App is up to date.
2025-12-30 19:45:57 Loading main app package /usr/lib/obsidian/obsidian.asar
2025-12-30 19:45:57 Checking for update using Github
2025-12-30 19:45:57 Success.
2025-12-30 19:45:57 Latest version is 1.10.6
2025-12-30 19:45:57 App is up to date.
2026-01-09 09:27:01 Loading main app package /usr/lib/obsidian/obsidian.asar
2026-01-09 09:27:02 Checking for update using Github
2026-01-09 09:27:02 Success.
2026-01-09 09:27:02 Latest version is 1.10.6
2026-01-09 09:27:02 App is up to date.
2026-01-09 10:27:01 Checking for update using Github
2026-01-09 10:27:01 Success.
2026-01-09 10:27:01 Latest version is 1.10.6
2026-01-09 10:27:01 App is up to date.
2026-01-09 10:52:57 Loading main app package /usr/lib/obsidian/obsidian.asar
2026-01-09 10:52:57 Checking for update using Github
2026-01-09 10:52:57 Success.
2026-01-09 10:52:57 Latest version is 1.10.6
2026-01-09 10:52:57 App is up to date.
2026-01-09 11:52:57 Checking for update using Github
2026-01-09 11:52:57 Success.
2026-01-09 11:52:57 Latest version is 1.10.6
2026-01-09 11:52:57 App is up to date.
